e:\gitee\floatingbrowserwindow\floatingbrowserwindow\x64\debug\innerbrowser.obj
e:\gitee\floatingbrowserwindow\floatingbrowserwindow\x64\debug\configmanager.obj
e:\gitee\floatingbrowserwindow\floatingbrowserwindow\x64\debug\main.obj
e:\gitee\floatingbrowserwindow\floatingbrowserwindow\x64\debug\tray.obj
e:\gitee\floatingbrowserwindow\floatingbrowserwindow\x64\debug\moc_stringinputdialog.obj
e:\gitee\floatingbrowserwindow\floatingbrowserwindow\x64\debug\moc_tray.obj
e:\gitee\floatingbrowserwindow\floatingbrowserwindow\x64\debug\stringinputdialog.obj
e:\gitee\floatingbrowserwindow\floatingbrowserwindow\x64\debug\controlpanel.obj
e:\gitee\floatingbrowserwindow\floatingbrowserwindow\x64\debug\moc_innerbrowser.obj
e:\gitee\floatingbrowserwindow\floatingbrowserwindow\x64\debug\vc143.pdb
e:\gitee\floatingbrowserwindow\floatingbrowserwindow\x64\debug\moc_controlpanel.obj
e:\gitee\floatingbrowserwindow\floatingbrowserwindow\x64\debug\uic\ui_floatingbrowserwindow.h
e:\gitee\floatingbrowserwindow\floatingbrowserwindow\x64\debug\rcc\qrc_floatingbrowserwindow.cpp
e:\gitee\floatingbrowserwindow\floatingbrowserwindow\x64\debug\moc\moc_floatingbrowserwindow.cpp
e:\gitee\floatingbrowserwindow\floatingbrowserwindow\x64\debug\uic\ui_custombrowserwindow.h
e:\gitee\floatingbrowserwindow\floatingbrowserwindow\x64\debug\uic\ui_mainwindow.h
e:\gitee\floatingbrowserwindow\floatingbrowserwindow\x64\debug\uic\ui_widget.h
e:\gitee\floatingbrowserwindow\floatingbrowserwindow\x64\debug\uic\ui_stringinputdialog.h
e:\gitee\floatingbrowserwindow\floatingbrowserwindow\x64\debug\moc\moc_stringinputdialog.cpp
e:\gitee\floatingbrowserwindow\floatingbrowserwindow\x64\debug\moc\moc_tray.cpp
e:\gitee\floatingbrowserwindow\floatingbrowserwindow\x64\debug\moc\moc_innerbrowser.cpp
e:\gitee\floatingbrowserwindow\floatingbrowserwindow\x64\debug\uic\ui_controlpanel.h
e:\gitee\floatingbrowserwindow\floatingbrowserwindow\headerfiles\popdialogs\uic\ui_controlpanel.h
e:\gitee\floatingbrowserwindow\floatingbrowserwindow\headerfiles\popdialogs\uic\ui_stringinputdialog.h
e:\gitee\floatingbrowserwindow\floatingbrowserwindow\x64\debug\moc\moc_controlpanel.cpp
e:\gitee\floatingbrowserwindow\x64\debug\floatingbrowserwindow.exe
e:\gitee\floatingbrowserwindow\x64\debug\floatingbrowserwindow.ilk
e:\gitee\floatingbrowserwindow\x64\debug\floatingbrowserwindow.pdb
e:\gitee\floatingbrowserwindow\floatingbrowserwindow\.\headerfiles\popdialogs\uic\ui_controlpanel.h
e:\gitee\floatingbrowserwindow\floatingbrowserwindow\x64\debug\floating.96d7f988.tlog\cl.command.1.tlog
e:\gitee\floatingbrowserwindow\floatingbrowserwindow\x64\debug\floating.96d7f988.tlog\cl.read.1.tlog
e:\gitee\floatingbrowserwindow\floatingbrowserwindow\x64\debug\floating.96d7f988.tlog\cl.write.1.tlog
e:\gitee\floatingbrowserwindow\floatingbrowserwindow\x64\debug\floating.96d7f988.tlog\floatingbrowserwindow.write.1u.tlog
e:\gitee\floatingbrowserwindow\floatingbrowserwindow\x64\debug\floating.96d7f988.tlog\link.command.1.tlog
e:\gitee\floatingbrowserwindow\floatingbrowserwindow\x64\debug\floating.96d7f988.tlog\link.read.1.tlog
e:\gitee\floatingbrowserwindow\floatingbrowserwindow\x64\debug\floating.96d7f988.tlog\link.write.1.tlog
e:\gitee\floatingbrowserwindow\floatingbrowserwindow\x64\debug\floating.96d7f988.tlog\moc.read.1u.tlog
e:\gitee\floatingbrowserwindow\floatingbrowserwindow\x64\debug\floating.96d7f988.tlog\moc.write.1u.tlog
e:\gitee\floatingbrowserwindow\floatingbrowserwindow\x64\debug\floating.96d7f988.tlog\uic.read.1u.tlog
e:\gitee\floatingbrowserwindow\floatingbrowserwindow\x64\debug\floating.96d7f988.tlog\uic.write.1u.tlog
